<?xml version="1.0" encoding="UTF-8"?>
<testsuite xmlns:xsi="http://www.w3.org/2001/XMLSchema-instance" xsi:noNamespaceSchemaLocation="https://maven.apache.org/surefire/maven-surefire-plugin/xsd/surefire-test-report-3.0.xsd" version="3.0" name="com.arbnororg.FunctionTest" time="0.263" tests="1" errors="0" skipped="0" failures="0">
  <properties>
[...]
</properties>
  <testcase name="testHttpTriggerJava" classname="com.arbnororg.FunctionTest" time="0.255">
    <system-err><![CDATA[Nov 09, 2025 10:25:38 AM com.arbnororg.Function run
INFO: Java HTTP trigger processed a request.
]]></system-err>
  </testcase>
</testsuite>